This is pdfTeX, Version 3.1415926-2.5-1.40.14 (TeX Live 2013/Debian) (format=pdflatex 2015.1.15)  20 OCT 2015 20:04
entering extended mode
 restricted \write18 enabled.
 %&-line parsing enabled.
**exctract.tex
(./exctract.tex
LaTeX2e <2011/06/27>
Babel <3.9h> and hyphenation patterns for 6 languages loaded.
(/usr/share/texlive/texmf-dist/tex/latex/base/article.cls
Document Class: article 2007/10/19 v1.4h Standard LaTeX document class
(/usr/share/texlive/texmf-dist/tex/latex/base/size10.clo
File: size10.clo 2007/10/19 v1.4h Standard LaTeX file (size option)
)
\c@part=\count79
\c@section=\count80
\c@subsection=\count81
\c@subsubsection=\count82
\c@paragraph=\count83
\c@subparagraph=\count84
\c@figure=\count85
\c@table=\count86
\abovecaptionskip=\skip41
\belowcaptionskip=\skip42
\bibindent=\dimen102
)
(/usr/share/texlive/texmf-dist/tex/latex/pdfpages/pdfpages.sty
Package: pdfpages 2013/08/25 v0.4v Insert pages of external PDF documents (AM)

(/usr/share/texlive/texmf-dist/tex/latex/base/ifthen.sty
Package: ifthen 2001/05/26 v1.1c Standard LaTeX ifthen package (DPC)
)
(/usr/share/texlive/texmf-dist/tex/latex/tools/calc.sty
Package: calc 2007/08/22 v4.3 Infix arithmetic (KKT,FJ)
\calc@Acount=\count87
\calc@Bcount=\count88
\calc@Adimen=\dimen103
\calc@Bdimen=\dimen104
\calc@Askip=\skip43
\calc@Bskip=\skip44
LaTeX Info: Redefining \setlength on input line 76.
LaTeX Info: Redefining \addtolength on input line 77.
\calc@Ccount=\count89
\calc@Cskip=\skip45
)
(/usr/share/texlive/texmf-dist/tex/latex/eso-pic/eso-pic.sty
Package: eso-pic 2013/10/06 v2.0d eso-pic (RN)

(/usr/share/texlive/texmf-dist/tex/generic/oberdiek/atbegshi.sty
Package: atbegshi 2011/10/05 v1.16 At begin shipout hook (HO)

(/usr/share/texlive/texmf-dist/tex/generic/oberdiek/infwarerr.sty
Package: infwarerr 2010/04/08 v1.3 Providing info/warning/error messages (HO)
)
(/usr/share/texlive/texmf-dist/tex/generic/oberdiek/ltxcmds.sty
Package: ltxcmds 2011/11/09 v1.22 LaTeX kernel commands for general use (HO)
)
(/usr/share/texlive/texmf-dist/tex/generic/oberdiek/ifpdf.sty
Package: ifpdf 2011/01/30 v2.3 Provides the ifpdf switch (HO)
Package ifpdf Info: pdfTeX in PDF mode is detected.
))
(/usr/share/texlive/texmf-dist/tex/latex/graphics/keyval.sty
Package: keyval 1999/03/16 v1.13 key=value parser (DPC)
\KV@toks@=\toks14
)
(/usr/share/texmf/tex/latex/xcolor/xcolor.sty
Package: xcolor 2007/01/21 v2.11 LaTeX color extensions (UK)

(/usr/share/texlive/texmf-dist/tex/latex/latexconfig/color.cfg
File: color.cfg 2007/01/18 v1.5 color configuration of teTeX/TeXLive
)
Package xcolor Info: Driver file: pdftex.def on input line 225.

(/usr/share/texlive/texmf-dist/tex/latex/pdftex-def/pdftex.def
File: pdftex.def 2011/05/27 v0.06d Graphics/color for pdfTeX
\Gread@gobject=\count90
)
Package xcolor Info: Model `cmy' substituted by `cmy0' on input line 1337.
Package xcolor Info: Model `hsb' substituted by `rgb' on input line 1341.
Package xcolor Info: Model `RGB' extended on input line 1353.
Package xcolor Info: Model `HTML' substituted by `rgb' on input line 1355.
Package xcolor Info: Model `Hsb' substituted by `hsb' on input line 1356.
Package xcolor Info: Model `tHsb' substituted by `hsb' on input line 1357.
Package xcolor Info: Model `HSB' substituted by `hsb' on input line 1358.
Package xcolor Info: Model `Gray' substituted by `gray' on input line 1359.
Package xcolor Info: Model `wave' substituted by `hsb' on input line 1360.
))
(/usr/share/texlive/texmf-dist/tex/latex/graphics/graphicx.sty
Package: graphicx 1999/02/16 v1.0f Enhanced LaTeX Graphics (DPC,SPQR)

(/usr/share/texlive/texmf-dist/tex/latex/graphics/graphics.sty
Package: graphics 2009/02/05 v1.0o Standard LaTeX Graphics (DPC,SPQR)

(/usr/share/texlive/texmf-dist/tex/latex/graphics/trig.sty
Package: trig 1999/03/16 v1.09 sin cos tan (DPC)
)
(/usr/share/texlive/texmf-dist/tex/latex/latexconfig/graphics.cfg
File: graphics.cfg 2010/04/23 v1.9 graphics configuration of TeX Live
)
Package graphics Info: Driver file: pdftex.def on input line 91.
)
\Gin@req@height=\dimen105
\Gin@req@width=\dimen106
)
(/usr/share/texlive/texmf-dist/tex/latex/pdfpages/pppdftex.def
File: pppdftex.def 2013/08/25 v0.4v Pdfpages driver for pdfTeX (AM)
)
\AM@pagebox=\box26
\AM@toc@title=\toks15
\c@AM@survey=\count91
\AM@templatesizebox=\box27
)
(./exctract.aux)
\openout1 = `exctract.aux'.

LaTeX Font Info:    Checking defaults for OML/cmm/m/it on input line 4.
LaTeX Font Info:    ... okay on input line 4.
LaTeX Font Info:    Checking defaults for T1/cmr/m/n on input line 4.
LaTeX Font Info:    ... okay on input line 4.
LaTeX Font Info:    Checking defaults for OT1/cmr/m/n on input line 4.
LaTeX Font Info:    ... okay on input line 4.
LaTeX Font Info:    Checking defaults for OMS/cmsy/m/n on input line 4.
LaTeX Font Info:    ... okay on input line 4.
LaTeX Font Info:    Checking defaults for OMX/cmex/m/n on input line 4.
LaTeX Font Info:    ... okay on input line 4.
LaTeX Font Info:    Checking defaults for U/cmr/m/n on input line 4.
LaTeX Font Info:    ... okay on input line 4.
\AtBeginShipoutBox=\box28
 (/usr/share/texlive/texmf-dist/tex/context/base/supp-pdf.mkii
[Loading MPS to PDF converter (version 2006.09.02).]
\scratchcounter=\count92
\scratchdimen=\dimen107
\scratchbox=\box29
\nofMPsegments=\count93
\nofMParguments=\count94
\everyMPshowfont=\toks16
\MPscratchCnt=\count95
\MPscratchDim=\dimen108
\MPnumerator=\count96
\makeMPintoPDFobject=\count97
\everyMPtoPDFconversion=\toks17
) (/usr/share/texlive/texmf-dist/tex/generic/oberdiek/pdftexcmds.sty
Package: pdftexcmds 2011/11/29 v0.20 Utility functions of pdfTeX for LuaTeX (HO
)

(/usr/share/texlive/texmf-dist/tex/generic/oberdiek/ifluatex.sty
Package: ifluatex 2010/03/01 v1.3 Provides the ifluatex switch (HO)
Package ifluatex Info: LuaTeX not detected.
)
Package pdftexcmds Info: LuaTeX not detected.
Package pdftexcmds Info: \pdf@primitive is available.
Package pdftexcmds Info: \pdf@ifprimitive is available.
Package pdftexcmds Info: \pdfdraftmode found.
)
(/usr/share/texlive/texmf-dist/tex/latex/oberdiek/epstopdf-base.sty
Package: epstopdf-base 2010/02/09 v2.5 Base part for package epstopdf

(/usr/share/texlive/texmf-dist/tex/latex/oberdiek/grfext.sty
Package: grfext 2010/08/19 v1.1 Manage graphics extensions (HO)

(/usr/share/texlive/texmf-dist/tex/generic/oberdiek/kvdefinekeys.sty
Package: kvdefinekeys 2011/04/07 v1.3 Define keys (HO)
))
(/usr/share/texlive/texmf-dist/tex/latex/oberdiek/kvoptions.sty
Package: kvoptions 2011/06/30 v3.11 Key value format for package options (HO)

(/usr/share/texlive/texmf-dist/tex/generic/oberdiek/kvsetkeys.sty
Package: kvsetkeys 2012/04/25 v1.16 Key value parser (HO)

(/usr/share/texlive/texmf-dist/tex/generic/oberdiek/etexcmds.sty
Package: etexcmds 2011/02/16 v1.5 Avoid name clashes with e-TeX commands (HO)
Package etexcmds Info: Could not find \expanded.
(etexcmds)             That can mean that you are not using pdfTeX 1.50 or
(etexcmds)             that some package has redefined \expanded.
(etexcmds)             In the latter case, load this package earlier.
)))
Package grfext Info: Graphics extension search list:
(grfext)             [.png,.pdf,.jpg,.mps,.jpeg,.jbig2,.jb2,.PNG,.PDF,.JPG,.JPE
G,.JBIG2,.JB2,.eps]
(grfext)             \AppendGraphicsExtensions on input line 452.

(/usr/share/texlive/texmf-dist/tex/latex/latexconfig/epstopdf-sys.cfg
File: epstopdf-sys.cfg 2010/07/13 v1.3 Configuration of (r)epstopdf for TeX Liv
e
))

pdfTeX warning: pdflatex (file ../de430_and_de431.pdf): PDF inclusion: found PD
F version <1.6>, but at most version <1.5> allowed
<../de430_and_de431.pdf, id=1, 614.295pt x 794.97pt>
File: ../de430_and_de431.pdf Graphic file (type pdf)

<use ../de430_and_de431.pdf>
Package pdftex.def Info: ../de430_and_de431.pdf used on input line 5.
(pdftex.def)             Requested size: 614.29349pt x 794.96806pt.


pdfTeX warning: pdflatex (file ../de430_and_de431.pdf): PDF inclusion: found PD
F version <1.6>, but at most version <1.5> allowed
File: ../de430_and_de431.pdf Graphic file (type pdf)
<use ../de430_and_de431.pdf>
Package pdftex.def Info: ../de430_and_de431.pdf used on input line 5.
(pdftex.def)             Requested size: 614.29349pt x 794.96806pt.


pdfTeX warning: pdflatex (file ../de430_and_de431.pdf): PDF inclusion: found PD
F version <1.6>, but at most version <1.5> allowed


pdfTeX warning: pdflatex (file ../de430_and_de431.pdf): PDF inclusion: found PD
F version <1.6>, but at most version <1.5> allowed
<../de430_and_de431.pdf, id=4, page=47, 614.295pt x 794.97pt>
File: ../de430_and_de431.pdf Graphic file (type pdf)

<use ../de430_and_de431.pdf, page 47>
Package pdftex.def Info: ../de430_and_de431.pdf, page47 used on input line 5.
(pdftex.def)             Requested size: 614.29349pt x 794.96806pt.
File: ../de430_and_de431.pdf Graphic file (type pdf)
 <use ../de430_and_de431.pdf, page 47>
Package pdftex.def Info: ../de430_and_de431.pdf, page47 used on input line 5.
(pdftex.def)             Requested size: 614.58406pt x 795.3441pt.
File: ../de430_and_de431.pdf Graphic file (type pdf)

<use ../de430_and_de431.pdf, page 47>
Package pdftex.def Info: ../de430_and_de431.pdf, page47 used on input line 5.
(pdftex.def)             Requested size: 614.58406pt x 795.3441pt.
File: ../de430_and_de431.pdf Graphic file (type pdf)
 <use ../de430_and_de431.pdf, page 47>
Package pdftex.def Info: ../de430_and_de431.pdf, page47 used on input line 5.
(pdftex.def)             Requested size: 614.58406pt x 795.3441pt.
File: ../de430_and_de431.pdf Graphic file (type pdf)

<use ../de430_and_de431.pdf, page 47>
Package pdftex.def Info: ../de430_and_de431.pdf, page47 used on input line 5.
(pdftex.def)             Requested size: 614.58406pt x 795.3441pt.
 [1

 <../de430_and_de431.pdf{/var/lib/texmf/fonts/map/pdftex/updmap/pdftex.map}>]
File: ../de430_and_de431.pdf Graphic file (type pdf)
 <use ../de430_and_de431.pdf>
Package pdftex.def Info: ../de430_and_de431.pdf used on input line 6.
(pdftex.def)             Requested size: 614.29349pt x 794.96806pt.


pdfTeX warning: pdflatex (file ../de430_and_de431.pdf): PDF inclusion: found PD
F version <1.6>, but at most version <1.5> allowed
File: ../de430_and_de431.pdf Graphic file (type pdf)
<use ../de430_and_de431.pdf>
Package pdftex.def Info: ../de430_and_de431.pdf used on input line 6.
(pdftex.def)             Requested size: 614.29349pt x 794.96806pt.


pdfTeX warning: pdflatex (file ../de430_and_de431.pdf): PDF inclusion: found PD
F version <1.6>, but at most version <1.5> allowed


pdfTeX warning: pdflatex (file ../de430_and_de431.pdf): PDF inclusion: found PD
F version <1.6>, but at most version <1.5> allowed
<../de430_and_de431.pdf, id=52, page=49, 614.295pt x 794.97pt>
File: ../de430_and_de431.pdf Graphic file (type pdf)

<use ../de430_and_de431.pdf, page 49>
Package pdftex.def Info: ../de430_and_de431.pdf, page49 used on input line 6.
(pdftex.def)             Requested size: 614.29349pt x 794.96806pt.
File: ../de430_and_de431.pdf Graphic file (type pdf)
 <use ../de430_and_de431.pdf, page 49>
Package pdftex.def Info: ../de430_and_de431.pdf, page49 used on input line 6.
(pdftex.def)             Requested size: 614.58406pt x 795.3441pt.
File: ../de430_and_de431.pdf Graphic file (type pdf)

<use ../de430_and_de431.pdf, page 49>
Package pdftex.def Info: ../de430_and_de431.pdf, page49 used on input line 6.
(pdftex.def)             Requested size: 614.58406pt x 795.3441pt.
File: ../de430_and_de431.pdf Graphic file (type pdf)
 <use ../de430_and_de431.pdf, page 49>
Package pdftex.def Info: ../de430_and_de431.pdf, page49 used on input line 6.
(pdftex.def)             Requested size: 614.58406pt x 795.3441pt.
File: ../de430_and_de431.pdf Graphic file (type pdf)

<use ../de430_and_de431.pdf, page 49>
Package pdftex.def Info: ../de430_and_de431.pdf, page49 used on input line 6.
(pdftex.def)             Requested size: 614.58406pt x 795.3441pt.
 [2 <../de430_and_de431.pdf>]
(./exctract.aux) ) 
Here is how much of TeX's memory you used:
 2707 strings out of 494958
 38774 string characters out of 6179213
 98250 words of memory out of 5000000
 5924 multiletter control sequences out of 15000+600000
 3640 words of font info for 14 fonts, out of 8000000 for 9000
 36 hyphenation exceptions out of 8191
 39i,18n,45p,241b,417s stack positions out of 5000i,500n,10000p,200000b,80000s

Output written on exctract.pdf (2 pages, 49276 bytes).
PDF statistics:
 70 PDF objects out of 1000 (max. 8388607)
 41 compressed objects within 1 object stream
 0 named destinations out of 1000 (max. 500000)
 36 words of extra memory for PDF output out of 10000 (max. 10000000)

